<?xml version="1.0" encoding="UTF-8"?>
<!-- Generated by org.testng.reporters.JUnitXMLReporter -->
<testsuite ignored="0" hostname="Asus-VivoBook" failures="0" tests="12" name="Default test" time="0.133" errors="0" timestamp="2023-03-31T08:39:32 IST">
  <testcase classname="day06.Program4" name="testCases02" time="0.01"/>
  <testcase classname="day06.Program4" name="testCases03" time="0.001"/>
  <testcase classname="day06.Program4" name="testCases01" time="0.003"/>
  <testcase classname="day06.Program4" name="testCases01" time="0.002"/>
  <testcase classname="day06.Program4" name="testCases01" time="0.002"/>
  <testcase classname="day06.Program4" name="testCases01" time="0.003"/>
  <testcase classname="day06.Program4" name="testCases01" time="0.001"/>
  <testcase classname="day06.Program4" name="testCases01" time="0.001"/>
  <testcase classname="day06.Program4" name="testCases01" time="0.001"/>
  <testcase classname="day06.Program4" name="testCases01" time="0.001"/>
  <testcase classname="day06.Program4" name="testCases01" time="0.005"/>
  <testcase classname="day06.Program4" name="testCases01" time="0.002"/>
</testsuite> <!-- Default test -->
