<?xml version="1.0" encoding="UTF-8"?>
<!-- Generated by org.testng.reporters.JUnitXMLReporter -->
<testsuite ignored="0" hostname="Asus-VivoBook" failures="0" tests="5" name="Default test" time="0.079" errors="0" timestamp="2023-03-31T09:14:50 IST">
  <testcase classname="day06.Program1" name="testCases01" time="0.009"/>
  <testcase classname="day06.Program1" name="testCases02" time="0.001"/>
  <testcase classname="day06.Program1" name="testCases03" time="0.001"/>
  <testcase classname="day06.Program1" name="testCases04" time="0.002"/>
  <testcase classname="day06.Program1" name="testCases05" time="0.002"/>
</testsuite> <!-- Default test -->
