<?xml version="1.0" encoding="UTF-8"?>
<!-- Generated by org.testng.reporters.JUnitXMLReporter -->
<testsuite ignored="1" hostname="Asus-VivoBook" failures="0" tests="3" name="Test" time="0.088" errors="0" timestamp="2023-04-03T13:50:03 IST">
  <testcase classname="day07.Program2" name="testcase05" time="0.009"/>
  <testcase classname="day07.Program2" name="testcase07" time="0.002"/>
  <testcase classname="day07.Program2" name="testcase08" time="0.003"/>
  <testcase classname="day07.Program2" name="testcase06" time="0.0">
    <ignored/>
  </testcase> <!-- testcase06 -->
</testsuite> <!-- Test -->
