<?xml version="1.0" encoding="UTF-8"?>
<!-- Generated by org.testng.reporters.JUnitXMLReporter -->
<testsuite ignored="5" hostname="Asus-VivoBook" failures="0" tests="5" name="Test" time="0.069" errors="0" timestamp="2023-03-31T09:17:06 IST">
  <testcase classname="day06.Program1" name="testCases04" time="0.009"/>
  <testcase classname="day06.Program1" name="testCases02" time="0.001"/>
  <testcase classname="day06.Program7" name="testCases07" time="0.001"/>
  <testcase classname="day06.Program7" name="testCases09" time="0.001"/>
  <testcase classname="day06.Program7" name="testCases10" time="0.001"/>
  <testcase classname="day06.Program7" name="testCases08" time="0.0">
    <ignored/>
  </testcase> <!-- testCases08 -->
  <testcase classname="day06.Program7" name="testCases06" time="0.0">
    <ignored/>
  </testcase> <!-- testCases06 -->
  <testcase classname="day06.Program1" name="testCases03" time="0.0">
    <ignored/>
  </testcase> <!-- testCases03 -->
  <testcase classname="day06.Program1" name="testCases05" time="0.0">
    <ignored/>
  </testcase> <!-- testCases05 -->
  <testcase classname="day06.Program1" name="testCases01" time="0.0">
    <ignored/>
  </testcase> <!-- testCases01 -->
</testsuite> <!-- Test -->
